<?xml version="1.0" encoding="UTF-8"?>
<!-- Generated by org.testng.reporters.JUnitXMLReporter -->
<testsuite ignored="0" hostname="PF25X3PS" failures="1" tests="1" name="Test" time="8.422" errors="0" timestamp="2022-04-26T00:08:33 IST">
  <testcase classname="tests.LandingPageTest" name="verifyLandingPageLoadTest" time="8.383">
    <failure type="java.lang.NullPointerException" message="Cannot invoke &amp;quot;String.contains(java.lang.CharSequence)&amp;quot; because &amp;quot;text&amp;quot; is null">
      <![CDATA[java.lang.NullPointerException: Cannot invoke "String.contains(java.lang.CharSequence)" because "text" is null
at utility.CommonMethods.compareString(CommonMethods.java:15)
at pages.LandingPage.verifyTitle(LandingPage.java:27)
at tests.LandingPageTest.verifyLandingPageLoadTest(LandingPageTest.java:17)
at java.base/java.util.ArrayList.forEach(ArrayList.java:1511)
... Removed 27 stack frames]]>
    </failure>
  </testcase> <!-- verifyLandingPageLoadTest -->
</testsuite> <!-- Test -->
